{"level":"info","message":{"body":{"mobileNumber":"9861374962","password":"NICBBSR"},"method":"POST","timestamp":"2025-06-03T09:49:01.700Z","url":"/backend/agency/login"},"timestamp":"2025-06-03T09:49:01.701Z"}
{"level":"info","message":{"body":{},"method":"GET","timestamp":"2025-06-03T09:49:02.969Z","url":"/backend/agency-dashboard/agency-125"},"timestamp":"2025-06-03T09:49:02.969Z"}
{"level":"info","message":{"body":{},"method":"GET","timestamp":"2025-06-03T09:55:04.482Z","url":"/backend/event-report/E-20250503-HHS-001"},"timestamp":"2025-06-03T09:55:04.482Z"}
{"level":"info","message":{"body":{},"method":"GET","timestamp":"2025-06-03T09:55:57.825Z","url":"/backend/agency-dashboard/agency-125"},"timestamp":"2025-06-03T09:55:57.825Z"}
{"level":"info","message":{"body":{},"method":"POST","timestamp":"2025-06-03T09:56:00.459Z","url":"/backend/agency/logout"},"timestamp":"2025-06-03T09:56:00.459Z"}
{"level":"info","message":{"body":{"mobileNumber":"9861374962","password":"NICBBSR"},"method":"POST","timestamp":"2025-06-05T09:38:48.061Z","url":"/backend/agency/login"},"timestamp":"2025-06-05T09:38:48.061Z"}
{"level":"info","message":{"body":{},"method":"GET","timestamp":"2025-06-05T09:38:49.786Z","url":"/backend/agency-dashboard/agency-125"},"timestamp":"2025-06-05T09:38:49.786Z"}
{"level":"info","message":{"body":{},"method":"GET","timestamp":"2025-06-05T09:39:21.330Z","url":"/backend/agency-dashboard/agency-125"},"timestamp":"2025-06-05T09:39:21.330Z"}
{"level":"info","message":{"body":{"mobileNumber":"9861374962","password":"NICBBSR"},"method":"POST","timestamp":"2025-06-05T09:41:55.671Z","url":"/backend/agency/login"},"timestamp":"2025-06-05T09:41:55.671Z"}
{"level":"info","message":{"body":{},"method":"GET","timestamp":"2025-06-05T09:41:57.538Z","url":"/backend/agency-dashboard/agency-125"},"timestamp":"2025-06-05T09:41:57.538Z"}
{"level":"info","message":{"body":{"mobileNumber":"9692928155","password":"NICBBSR"},"method":"POST","timestamp":"2025-06-05T09:42:18.216Z","url":"/backend/agency/login"},"timestamp":"2025-06-05T09:42:18.216Z"}
{"level":"info","message":{"body":{},"method":"GET","timestamp":"2025-06-05T09:42:19.906Z","url":"/backend/agency-dashboard/agency-135"},"timestamp":"2025-06-05T09:42:19.906Z"}
{"level":"info","message":{"body":{"mobileNumber":"9692928154","password":"NICBBSR"},"method":"POST","timestamp":"2025-06-05T09:42:52.961Z","url":"/backend/agency/login"},"timestamp":"2025-06-05T09:42:52.961Z"}
{"level":"info","message":{"body":{},"method":"GET","timestamp":"2025-06-05T09:42:54.796Z","url":"/backend/agency-dashboard/agency-166"},"timestamp":"2025-06-05T09:42:54.796Z"}
{"level":"info","message":{"body":{},"method":"GET","timestamp":"2025-06-05T10:22:04.960Z","url":"/backend/event-report/E-20250503-HHS-001"},"timestamp":"2025-06-05T10:22:04.961Z"}
{"level":"info","message":{"body":{},"method":"GET","timestamp":"2025-06-05T10:22:06.063Z","url":"/backend/agency-125/groundstaff"},"timestamp":"2025-06-05T10:22:06.063Z"}
{"level":"info","message":{"body":{"groundStaffName":"hdhhhdhdhdhdhhdhd","status":"Assigned"},"method":"PUT","timestamp":"2025-06-05T10:23:12.032Z","url":"/backend/events/status/E-20250503-HHS-001"},"timestamp":"2025-06-05T10:23:12.032Z"}
{"level":"info","message":{"body":{},"method":"GET","timestamp":"2025-06-05T10:23:12.072Z","url":"/backend/agency-dashboard/agency-125"},"timestamp":"2025-06-05T10:23:12.072Z"}
{"level":"info","message":{"body":{},"method":"GET","timestamp":"2025-06-05T10:23:20.809Z","url":"/backend/agency-dashboard/agency-135"},"timestamp":"2025-06-05T10:23:20.809Z"}
{"level":"info","message":{"body":{},"method":"GET","timestamp":"2025-06-05T10:27:34.929Z","url":"/backend/agency-dashboard/agency-125"},"timestamp":"2025-06-05T10:27:34.929Z"}
{"level":"info","message":{"body":{"agencyId":"agency-125","status":"Accepted"},"method":"PUT","timestamp":"2025-06-05T10:27:39.692Z","url":"/backend/events/status/E-20250503-HHS-001"},"timestamp":"2025-06-05T10:27:39.692Z"}
{"level":"info","message":{"body":{},"method":"GET","timestamp":"2025-06-05T10:27:39.699Z","url":"/backend/event-report/E-20250503-HHS-001"},"timestamp":"2025-06-05T10:27:39.699Z"}
{"level":"info","message":{"body":{},"method":"GET","timestamp":"2025-06-05T10:27:40.664Z","url":"/backend/agency-125/groundstaff"},"timestamp":"2025-06-05T10:27:40.664Z"}
{"level":"info","message":{"body":{},"method":"GET","timestamp":"2025-06-05T10:27:56.797Z","url":"/backend/agency-dashboard/agency-135"},"timestamp":"2025-06-05T10:27:56.797Z"}
{"level":"info","message":{"body":{},"method":"GET","timestamp":"2025-06-05T10:28:03.352Z","url":"/backend/agency-dashboard/agency-125"},"timestamp":"2025-06-05T10:28:03.352Z"}
{"level":"info","message":{"body":{},"method":"GET","timestamp":"2025-06-05T10:35:10.637Z","url":"/backend/agency-dashboard/agency-125"},"timestamp":"2025-06-05T10:35:10.637Z"}
{"level":"info","message":{"body":{"mobileNumber":"9861374962","password":"NICBBSR"},"method":"POST","timestamp":"2025-06-08T04:43:01.603Z","url":"/backend/agency/login"},"timestamp":"2025-06-08T04:43:01.603Z"}
{"level":"info","message":{"body":{},"method":"GET","timestamp":"2025-06-08T04:43:02.874Z","url":"/backend/agency-dashboard/agency-125"},"timestamp":"2025-06-08T04:43:02.874Z"}
{"level":"info","message":{"body":{},"method":"POST","timestamp":"2025-06-08T04:43:13.120Z","url":"/backend/agency/logout"},"timestamp":"2025-06-08T04:43:13.120Z"}
{"level":"info","message":{"body":{"mobileNumber":"9861374962","password":"NICBBSR"},"method":"POST","timestamp":"2025-06-08T04:43:16.895Z","url":"/backend/agency/login"},"timestamp":"2025-06-08T04:43:16.895Z"}
{"level":"info","message":{"body":{},"method":"POST","timestamp":"2025-06-08T04:43:23.991Z","url":"/backend/agency/logout"},"timestamp":"2025-06-08T04:43:23.991Z"}
{"level":"info","message":{"body":{"mobileNumber":"9861374962","password":"NICBBSR"},"method":"POST","timestamp":"2025-06-08T04:43:27.332Z","url":"/backend/agency/login"},"timestamp":"2025-06-08T04:43:27.332Z"}
{"level":"info","message":{"body":{},"method":"POST","timestamp":"2025-06-08T04:43:32.319Z","url":"/backend/agency/logout"},"timestamp":"2025-06-08T04:43:32.319Z"}
{"level":"info","message":{"body":{},"method":"GET","timestamp":"2025-06-08T04:43:38.055Z","url":"/backend/agency-dashboard/agency-125"},"timestamp":"2025-06-08T04:43:38.056Z"}
{"level":"info","message":{"body":{},"method":"GET","timestamp":"2025-06-08T04:43:48.487Z","url":"/backend/agency-dashboard/agency-125"},"timestamp":"2025-06-08T04:43:48.487Z"}
{"level":"info","message":{"body":{},"method":"GET","timestamp":"2025-06-08T04:44:21.741Z","url":"/backend/agency-dashboard/agency-125"},"timestamp":"2025-06-08T04:44:21.741Z"}
{"level":"info","message":{"body":{"mobileNumber":"9861374962","password":"nicbbsr"},"method":"POST","timestamp":"2025-06-08T04:57:20.867Z","url":"/backend/agency/login"},"timestamp":"2025-06-08T04:57:20.868Z"}
{"level":"info","message":{"body":{"mobileNumber":"9861374962","password":"nicbbsr"},"method":"POST","timestamp":"2025-06-08T04:57:28.361Z","url":"/backend/agency/login"},"timestamp":"2025-06-08T04:57:28.361Z"}
{"level":"info","message":{"body":{"mobileNumber":"9861374962","password":"bbsr1234"},"method":"POST","timestamp":"2025-06-08T04:57:52.421Z","url":"/backend/agency/login"},"timestamp":"2025-06-08T04:57:52.421Z"}
{"level":"info","message":{"body":{"mobileNumber":"9861374962","password":"nivggbbr"},"method":"POST","timestamp":"2025-06-08T04:58:05.504Z","url":"/backend/agency/login"},"timestamp":"2025-06-08T04:58:05.504Z"}
{"level":"info","message":{"body":{"mobileNumber":"9861374962","password":"bbsrerrr"},"method":"POST","timestamp":"2025-06-08T04:58:17.138Z","url":"/backend/agency/login"},"timestamp":"2025-06-08T04:58:17.138Z"}
{"level":"info","message":{"body":{"mobileNumber":"9861374962","password":"nicbbsr"},"method":"POST","timestamp":"2025-06-08T04:58:42.379Z","url":"/backend/agency/login"},"timestamp":"2025-06-08T04:58:42.379Z"}
{"level":"info","message":{"body":{"mobileNumber":"9861374962","password":"sserdfg"},"method":"POST","timestamp":"2025-06-08T04:58:55.127Z","url":"/backend/agency/login"},"timestamp":"2025-06-08T04:58:55.127Z"}
{"level":"info","message":{"body":{"mobileNumber":"9861374962","password":"NICBBSR"},"method":"POST","timestamp":"2025-06-08T05:00:28.512Z","url":"/backend/agency/login"},"timestamp":"2025-06-08T05:00:28.512Z"}
{"level":"info","message":{"body":{},"method":"GET","timestamp":"2025-06-08T05:00:29.649Z","url":"/backend/agency-dashboard/agency-125"},"timestamp":"2025-06-08T05:00:29.649Z"}
{"level":"info","message":{"body":{"mobileNumber":"9861374962","password":"NICBBSR"},"method":"POST","timestamp":"2025-06-08T05:02:57.086Z","url":"/backend/agency/login"},"timestamp":"2025-06-08T05:02:57.086Z"}
{"level":"info","message":{"body":{},"method":"GET","timestamp":"2025-06-08T05:02:58.225Z","url":"/backend/agency-dashboard/agency-125"},"timestamp":"2025-06-08T05:02:58.225Z"}
{"level":"info","message":{"body":{"mobileNumber":"9861374962","password":"NICBBSR"},"method":"POST","timestamp":"2025-06-08T05:55:22.034Z","url":"/backend/agency/login"},"timestamp":"2025-06-08T05:55:22.034Z"}
{"level":"info","message":{"body":{},"method":"GET","timestamp":"2025-06-08T05:55:23.225Z","url":"/backend/agency-dashboard/agency-125"},"timestamp":"2025-06-08T05:55:23.225Z"}
{"level":"info","message":{"body":{},"method":"POST","timestamp":"2025-06-08T05:55:36.403Z","url":"/backend/agency/logout"},"timestamp":"2025-06-08T05:55:36.403Z"}
{"level":"info","message":{"body":{"mobileNumber":"9692928155","password":"NICBBSR"},"method":"POST","timestamp":"2025-06-08T05:55:43.226Z","url":"/backend/agency/login"},"timestamp":"2025-06-08T05:55:43.226Z"}
{"level":"info","message":{"body":{},"method":"GET","timestamp":"2025-06-08T05:55:44.435Z","url":"/backend/agency-dashboard/agency-135"},"timestamp":"2025-06-08T05:55:44.435Z"}
{"level":"info","message":{"body":{},"method":"GET","timestamp":"2025-06-08T05:55:53.077Z","url":"/backend/agency-dashboard/agency-125"},"timestamp":"2025-06-08T05:55:53.077Z"}
{"level":"info","message":{"body":{"address":"bbsdr","agencyId":"agency-135","name":"pinaki ","number":"9861374962"},"method":"POST","timestamp":"2025-06-08T05:56:20.454Z","url":"/backend/agency/addgroundstaff"},"timestamp":"2025-06-08T05:56:20.454Z"}
{"level":"info","message":{"body":{},"method":"GET","timestamp":"2025-06-08T05:56:20.473Z","url":"/backend/agency-dashboard/agency-135"},"timestamp":"2025-06-08T05:56:20.473Z"}
{"level":"info","message":{"body":{},"method":"GET","timestamp":"2025-06-08T05:58:16.634Z","url":"/backend/agency-dashboard/agency-135"},"timestamp":"2025-06-08T05:58:16.634Z"}
{"level":"info","message":{"body":{"agencyId":"agency-135","status":"Accepted"},"method":"PUT","timestamp":"2025-06-08T05:58:23.759Z","url":"/backend/events/status/E-20250503-HHS-001"},"timestamp":"2025-06-08T05:58:23.759Z"}
{"level":"info","message":{"body":{},"method":"GET","timestamp":"2025-06-08T05:58:23.771Z","url":"/backend/event-report/E-20250503-HHS-001"},"timestamp":"2025-06-08T05:58:23.771Z"}
{"level":"info","message":{"body":{},"method":"GET","timestamp":"2025-06-08T05:58:24.760Z","url":"/backend/agency-135/groundstaff"},"timestamp":"2025-06-08T05:58:24.760Z"}
{"level":"info","message":{"body":{"mobileNumber":"9861374962","password":"NICBBSR"},"method":"POST","timestamp":"2025-06-08T05:59:08.400Z","url":"/backend/agency/login"},"timestamp":"2025-06-08T05:59:08.400Z"}
{"level":"info","message":{"body":{},"method":"GET","timestamp":"2025-06-08T05:59:09.622Z","url":"/backend/agency-dashboard/agency-125"},"timestamp":"2025-06-08T05:59:09.622Z"}
{"level":"info","message":{"body":{},"method":"GET","timestamp":"2025-06-08T06:00:05.650Z","url":"/backend/agency-dashboard/agency-135"},"timestamp":"2025-06-08T06:00:05.650Z"}
{"level":"info","message":{"body":{},"method":"GET","timestamp":"2025-06-08T06:00:12.370Z","url":"/backend/agency-dashboard/agency-125"},"timestamp":"2025-06-08T06:00:12.370Z"}
{"level":"info","message":{"body":{"agencyId":"agency-125","status":"Accepted"},"method":"PUT","timestamp":"2025-06-08T06:00:22.884Z","url":"/backend/events/status/E-20250503-HHS-001"},"timestamp":"2025-06-08T06:00:22.884Z"}
{"level":"info","message":{"body":{},"method":"GET","timestamp":"2025-06-08T06:00:22.895Z","url":"/backend/event-report/E-20250503-HHS-001"},"timestamp":"2025-06-08T06:00:22.895Z"}
{"level":"info","message":{"body":{},"method":"GET","timestamp":"2025-06-08T06:00:23.772Z","url":"/backend/agency-125/groundstaff"},"timestamp":"2025-06-08T06:00:23.772Z"}
{"level":"info","message":{"body":{"agencyId":"agency-135","status":"Accepted"},"method":"PUT","timestamp":"2025-06-08T06:00:43.748Z","url":"/backend/events/status/E-20250503-HHS-001"},"timestamp":"2025-06-08T06:00:43.748Z"}
{"level":"info","message":{"body":{},"method":"GET","timestamp":"2025-06-08T06:00:43.759Z","url":"/backend/event-report/E-20250503-HHS-001"},"timestamp":"2025-06-08T06:00:43.759Z"}
{"level":"info","message":{"body":{},"method":"GET","timestamp":"2025-06-08T06:00:44.595Z","url":"/backend/agency-135/groundstaff"},"timestamp":"2025-06-08T06:00:44.595Z"}
{"level":"info","message":{"body":{},"method":"GET","timestamp":"2025-06-08T06:06:46.187Z","url":"/backend/agency-dashboard/agency-135"},"timestamp":"2025-06-08T06:06:46.187Z"}
{"level":"info","message":{"body":{},"method":"POST","timestamp":"2025-06-08T06:06:50.213Z","url":"/backend/agency/logout"},"timestamp":"2025-06-08T06:06:50.213Z"}
{"level":"info","message":{"body":{"mobileNumber":"9692928155","password":"NICBBSR"},"method":"POST","timestamp":"2025-06-08T06:56:27.943Z","url":"/backend/agency/login"},"timestamp":"2025-06-08T06:56:27.944Z"}
{"level":"info","message":{"body":{},"method":"GET","timestamp":"2025-06-08T06:56:29.254Z","url":"/backend/agency-dashboard/agency-135"},"timestamp":"2025-06-08T06:56:29.254Z"}
{"level":"info","message":{"body":{},"method":"GET","timestamp":"2025-06-08T06:57:08.589Z","url":"/backend/agency-dashboard/agency-135"},"timestamp":"2025-06-08T06:57:08.589Z"}
{"level":"info","message":{"body":{"agencyId":"agency-135","status":"Accepted"},"method":"PUT","timestamp":"2025-06-08T06:57:14.074Z","url":"/backend/events/status/E-20250503-HHS-001"},"timestamp":"2025-06-08T06:57:14.074Z"}
{"level":"info","message":{"body":{},"method":"GET","timestamp":"2025-06-08T06:57:14.088Z","url":"/backend/event-report/E-20250503-HHS-001"},"timestamp":"2025-06-08T06:57:14.088Z"}
{"level":"info","message":{"body":{},"method":"GET","timestamp":"2025-06-08T06:57:14.897Z","url":"/backend/agency-135/groundstaff"},"timestamp":"2025-06-08T06:57:14.897Z"}
{"level":"info","message":{"body":{"assignment_time":"2025-06-08T06:57:20.386Z","groundStaffName":"pinaki ","status":"Assigned"},"method":"PUT","timestamp":"2025-06-08T06:57:20.395Z","url":"/backend/events/status/E-20250503-HHS-001"},"timestamp":"2025-06-08T06:57:20.395Z"}
{"level":"info","message":{"body":{},"method":"GET","timestamp":"2025-06-08T06:57:20.426Z","url":"/backend/agency-dashboard/agency-135"},"timestamp":"2025-06-08T06:57:20.426Z"}
{"level":"info","message":{"body":{},"method":"GET","timestamp":"2025-06-08T07:12:46.289Z","url":"/backend/agency-dashboard/agency-135"},"timestamp":"2025-06-08T07:12:46.289Z"}
{"level":"info","message":{"body":{"agencyId":"agency-135","status":"Accepted"},"method":"PUT","timestamp":"2025-06-08T07:12:50.213Z","url":"/backend/events/status/E-20250503-HHS-001"},"timestamp":"2025-06-08T07:12:50.213Z"}
{"level":"info","message":{"body":{},"method":"GET","timestamp":"2025-06-08T07:12:50.227Z","url":"/backend/event-report/E-20250503-HHS-001"},"timestamp":"2025-06-08T07:12:50.227Z"}
{"level":"info","message":{"body":{},"method":"GET","timestamp":"2025-06-08T07:12:52.620Z","url":"/backend/agency-135/groundstaff"},"timestamp":"2025-06-08T07:12:52.620Z"}
{"level":"info","message":{"body":{"assignment_time":"2025-06-08T07:12:57.852Z","groundStaffName":"pinaki ","status":"Assigned"},"method":"PUT","timestamp":"2025-06-08T07:12:57.861Z","url":"/backend/events/status/E-20250503-HHS-001"},"timestamp":"2025-06-08T07:12:57.861Z"}
{"level":"info","message":{"body":{},"method":"GET","timestamp":"2025-06-08T07:12:57.888Z","url":"/backend/agency-dashboard/agency-135"},"timestamp":"2025-06-08T07:12:57.888Z"}
{"level":"info","message":{"body":{"mobileNumber":"9861374962","password":"NICBBSR"},"method":"POST","timestamp":"2025-06-09T06:32:28.161Z","url":"/backend/agency/login"},"timestamp":"2025-06-09T06:32:28.162Z"}
{"level":"info","message":{"body":{},"method":"GET","timestamp":"2025-06-09T06:32:29.293Z","url":"/backend/agency-dashboard/agency-125"},"timestamp":"2025-06-09T06:32:29.293Z"}
{"level":"info","message":{"body":{},"method":"GET","timestamp":"2025-06-09T06:40:39.017Z","url":"/backend/agency-dashboard/agency-125"},"timestamp":"2025-06-09T06:40:39.017Z"}
{"level":"info","message":{"body":{},"method":"POST","timestamp":"2025-06-09T07:54:23.181Z","url":"/backend/agency/logout"},"timestamp":"2025-06-09T07:54:23.182Z"}
{"level":"info","message":{"body":{"mobileNumber":"9861374962","password":"NICBBSR"},"method":"POST","timestamp":"2025-06-09T07:55:52.748Z","url":"/backend/agency/login"},"timestamp":"2025-06-09T07:55:52.749Z"}
{"level":"info","message":{"body":{},"method":"GET","timestamp":"2025-06-09T07:55:53.868Z","url":"/backend/agency-dashboard/agency-125"},"timestamp":"2025-06-09T07:55:53.868Z"}
{"level":"info","message":{"body":{},"method":"GET","timestamp":"2025-06-09T08:43:08.068Z","url":"/backend/agency-dashboard/agency-125"},"timestamp":"2025-06-09T08:43:08.069Z"}
{"level":"info","message":{"body":{},"method":"GET","timestamp":"2025-06-09T08:43:44.496Z","url":"/backend/agency-dashboard/agency-125"},"timestamp":"2025-06-09T08:43:44.496Z"}
{"level":"info","message":{"body":{"agencyId":"agency-125","status":"Accepted"},"method":"PUT","timestamp":"2025-06-09T08:43:53.940Z","url":"/backend/events/status/E-20250503-HHS-001"},"timestamp":"2025-06-09T08:43:53.940Z"}
{"level":"info","message":{"body":{},"method":"GET","timestamp":"2025-06-09T08:43:53.949Z","url":"/backend/event-report/E-20250503-HHS-001"},"timestamp":"2025-06-09T08:43:53.950Z"}
{"level":"info","message":{"body":{},"method":"GET","timestamp":"2025-06-09T08:43:54.018Z","url":"/backend/agency-125/groundstaff"},"timestamp":"2025-06-09T08:43:54.018Z"}
{"level":"info","message":{"body":{},"method":"GET","timestamp":"2025-06-09T08:45:57.440Z","url":"/backend/agency-dashboard/agency-125"},"timestamp":"2025-06-09T08:45:57.440Z"}
{"level":"info","message":{"body":{},"method":"GET","timestamp":"2025-06-09T08:54:14.149Z","url":"/backend/agency-dashboard/agency-125"},"timestamp":"2025-06-09T08:54:14.149Z"}
{"level":"info","message":{"body":{"agencyId":"agency-125","status":"Accepted"},"method":"PUT","timestamp":"2025-06-09T08:54:17.196Z","url":"/backend/events/status/E-20250503-HHS-001"},"timestamp":"2025-06-09T08:54:17.196Z"}
{"level":"info","message":{"body":{},"method":"GET","timestamp":"2025-06-09T08:54:17.208Z","url":"/backend/event-report/E-20250503-HHS-001"},"timestamp":"2025-06-09T08:54:17.208Z"}
{"level":"info","message":{"body":{},"method":"GET","timestamp":"2025-06-09T08:54:17.241Z","url":"/backend/agency-125/groundstaff"},"timestamp":"2025-06-09T08:54:17.241Z"}
{"level":"info","message":{"body":{},"method":"GET","timestamp":"2025-06-09T09:51:57.918Z","url":"/backend/event-report/E-20250503-HHS-001"},"timestamp":"2025-06-09T09:51:57.918Z"}
{"level":"info","message":{"body":{},"method":"GET","timestamp":"2025-06-09T09:51:57.951Z","url":"/backend/agency-125/groundstaff"},"timestamp":"2025-06-09T09:51:57.951Z"}
{"level":"info","message":{"body":{},"method":"GET","timestamp":"2025-06-09T09:52:15.468Z","url":"/backend/event-report/E-20250503-HHS-001"},"timestamp":"2025-06-09T09:52:15.468Z"}
{"level":"info","message":{"body":{},"method":"GET","timestamp":"2025-06-09T09:52:15.491Z","url":"/backend/agency-125/groundstaff"},"timestamp":"2025-06-09T09:52:15.491Z"}
{"level":"info","message":{"body":{},"method":"GET","timestamp":"2025-06-09T09:52:22.289Z","url":"/backend/event-report/E-20250503-HHS-001"},"timestamp":"2025-06-09T09:52:22.289Z"}
{"level":"info","message":{"body":{},"method":"GET","timestamp":"2025-06-09T09:52:22.314Z","url":"/backend/agency-125/groundstaff"},"timestamp":"2025-06-09T09:52:22.314Z"}
{"level":"info","message":{"body":{},"method":"GET","timestamp":"2025-06-09T09:53:26.974Z","url":"/backend/event-report/E-20250503-HHS-001"},"timestamp":"2025-06-09T09:53:26.974Z"}
{"level":"info","message":{"body":{},"method":"GET","timestamp":"2025-06-09T09:53:27.004Z","url":"/backend/agency-125/groundstaff"},"timestamp":"2025-06-09T09:53:27.004Z"}
{"level":"info","message":{"body":{},"method":"GET","timestamp":"2025-06-09T09:54:08.477Z","url":"/backend/event-report/E-20250503-HHS-001"},"timestamp":"2025-06-09T09:54:08.477Z"}
{"level":"info","message":{"body":{},"method":"GET","timestamp":"2025-06-09T09:54:08.510Z","url":"/backend/agency-125/groundstaff"},"timestamp":"2025-06-09T09:54:08.510Z"}
{"level":"info","message":{"body":{},"method":"GET","timestamp":"2025-06-09T09:55:13.547Z","url":"/backend/event-report/E-20250503-HHS-001"},"timestamp":"2025-06-09T09:55:13.547Z"}
{"level":"info","message":{"body":{},"method":"GET","timestamp":"2025-06-09T09:55:13.576Z","url":"/backend/agency-125/groundstaff"},"timestamp":"2025-06-09T09:55:13.576Z"}
{"level":"info","message":{"body":{},"method":"GET","timestamp":"2025-06-09T09:55:55.048Z","url":"/backend/event-report/E-20250503-HHS-001"},"timestamp":"2025-06-09T09:55:55.048Z"}
{"level":"info","message":{"body":{},"method":"GET","timestamp":"2025-06-09T09:55:55.080Z","url":"/backend/agency-125/groundstaff"},"timestamp":"2025-06-09T09:55:55.080Z"}
{"level":"info","message":{"body":{},"method":"GET","timestamp":"2025-06-09T10:02:49.844Z","url":"/backend/event-report/E-20250503-HHS-001"},"timestamp":"2025-06-09T10:02:49.844Z"}
{"level":"info","message":{"body":{},"method":"GET","timestamp":"2025-06-09T10:02:49.878Z","url":"/backend/agency-125/groundstaff"},"timestamp":"2025-06-09T10:02:49.878Z"}
{"level":"info","message":{"body":{},"method":"GET","timestamp":"2025-06-09T10:05:13.590Z","url":"/backend/event-report/E-20250503-HHS-001"},"timestamp":"2025-06-09T10:05:13.590Z"}
{"level":"info","message":{"body":{},"method":"GET","timestamp":"2025-06-09T10:05:13.622Z","url":"/backend/agency-125/groundstaff"},"timestamp":"2025-06-09T10:05:13.622Z"}
{"level":"info","message":{"body":{"assignment_time":null,"groundStaffName":null,"status":"Unassigned"},"method":"PUT","timestamp":"2025-06-09T10:05:17.762Z","url":"/backend/events/status/E-20250503-HHS-001"},"timestamp":"2025-06-09T10:05:17.762Z"}
{"level":"info","message":{"body":{},"method":"GET","timestamp":"2025-06-09T10:19:05.377Z","url":"/backend/agency-dashboard/agency-125"},"timestamp":"2025-06-09T10:19:05.377Z"}
{"level":"info","message":{"body":{},"method":"GET","timestamp":"2025-06-09T10:21:06.721Z","url":"/backend/agency-dashboard/agency-125"},"timestamp":"2025-06-09T10:21:06.721Z"}
{"level":"info","message":{"body":{},"method":"GET","timestamp":"2025-06-09T10:32:02.489Z","url":"/backend/agency-dashboard/agency-125"},"timestamp":"2025-06-09T10:32:02.489Z"}
{"level":"info","message":{"body":{},"method":"GET","timestamp":"2025-06-09T10:34:05.049Z","url":"/backend/agency-dashboard/agency-125"},"timestamp":"2025-06-09T10:34:05.049Z"}
{"level":"info","message":{"body":{"address":"Fakirpada Square,Odisha","agencyId":"agency-125","name":"Suraj Kumar","number":"6987654321"},"method":"POST","timestamp":"2025-06-09T10:58:53.302Z","url":"/backend/agency/addgroundstaff"},"timestamp":"2025-06-09T10:58:53.302Z"}
{"level":"info","message":{"body":{},"method":"GET","timestamp":"2025-06-09T10:58:53.337Z","url":"/backend/agency-dashboard/agency-125"},"timestamp":"2025-06-09T10:58:53.337Z"}
{"level":"info","message":{"body":{"address":"Fakirpada Square,Odisha","agencyId":"agency-125","name":"Suraj Kumar Undergraduate Student Sahoo","number":"8984162299"},"method":"POST","timestamp":"2025-06-09T11:02:07.438Z","url":"/backend/agency/addgroundstaff"},"timestamp":"2025-06-09T11:02:07.438Z"}
{"level":"info","message":{"body":{},"method":"GET","timestamp":"2025-06-09T11:02:07.484Z","url":"/backend/agency-dashboard/agency-125"},"timestamp":"2025-06-09T11:02:07.484Z"}
{"level":"info","message":{"body":{"mobileNumber":"9861374962","password":"NICBBSR"},"method":"POST","timestamp":"2025-06-09T17:09:04.733Z","url":"/backend/agency/login"},"timestamp":"2025-06-09T17:09:04.734Z"}
{"level":"info","message":{"body":{},"method":"GET","timestamp":"2025-06-09T17:09:06.051Z","url":"/backend/agency-dashboard/agency-125"},"timestamp":"2025-06-09T17:09:06.051Z"}
{"level":"info","message":{"body":{},"method":"GET","timestamp":"2025-06-09T17:10:55.817Z","url":"/backend/agency-dashboard/agency-125"},"timestamp":"2025-06-09T17:10:55.817Z"}
{"level":"info","message":{"body":{"agencyId":"agency-125","status":"Accepted"},"method":"PUT","timestamp":"2025-06-09T17:10:57.863Z","url":"/backend/events/status/E-20250503-HHS-001"},"timestamp":"2025-06-09T17:10:57.863Z"}
{"level":"info","message":{"body":{},"method":"GET","timestamp":"2025-06-09T17:10:57.874Z","url":"/backend/event-report/E-20250503-HHS-001"},"timestamp":"2025-06-09T17:10:57.874Z"}
{"level":"info","message":{"body":{},"method":"GET","timestamp":"2025-06-09T17:10:57.921Z","url":"/backend/agency-125/groundstaff"},"timestamp":"2025-06-09T17:10:57.921Z"}
{"level":"info","message":{"body":{"assignment_time":null,"groundStaffName":null,"status":"Unassigned"},"method":"PUT","timestamp":"2025-06-09T17:11:04.434Z","url":"/backend/events/status/E-20250503-HHS-001"},"timestamp":"2025-06-09T17:11:04.434Z"}
{"level":"info","message":{"body":{},"method":"GET","timestamp":"2025-06-09T17:11:35.264Z","url":"/backend/agency-dashboard/agency-125"},"timestamp":"2025-06-09T17:11:35.264Z"}
{"level":"info","message":{"body":{"agencyId":"agency-125","status":"Accepted"},"method":"PUT","timestamp":"2025-06-09T17:11:36.861Z","url":"/backend/events/status/E-20250503-HHS-001"},"timestamp":"2025-06-09T17:11:36.861Z"}
{"level":"info","message":{"body":{},"method":"GET","timestamp":"2025-06-09T17:11:36.869Z","url":"/backend/event-report/E-20250503-HHS-001"},"timestamp":"2025-06-09T17:11:36.869Z"}
{"level":"info","message":{"body":{},"method":"GET","timestamp":"2025-06-09T17:11:36.895Z","url":"/backend/agency-125/groundstaff"},"timestamp":"2025-06-09T17:11:36.895Z"}
{"level":"info","message":{"body":{"assignment_time":"2025-06-09T17:11:40.657Z","groundStaffName":"hdhhhdhdhdhdhhdhd","status":"Assigned"},"method":"PUT","timestamp":"2025-06-09T17:11:40.663Z","url":"/backend/events/status/E-20250503-HHS-001"},"timestamp":"2025-06-09T17:11:40.663Z"}
{"level":"info","message":{"body":{},"method":"GET","timestamp":"2025-06-09T17:11:40.695Z","url":"/backend/agency-dashboard/agency-125"},"timestamp":"2025-06-09T17:11:40.695Z"}
{"level":"info","message":{"body":{},"method":"GET","timestamp":"2025-06-09T17:12:38.796Z","url":"/backend/event-report/E-20250503-HHS-001"},"timestamp":"2025-06-09T17:12:38.796Z"}
{"level":"info","message":{"body":{},"method":"GET","timestamp":"2025-06-09T17:12:38.845Z","url":"/backend/agency-125/groundstaff"},"timestamp":"2025-06-09T17:12:38.845Z"}
{"level":"info","message":{"body":{"mobileNumber":"9861374962","password":"NICBBSR"},"method":"POST","timestamp":"2025-06-10T05:32:22.986Z","url":"/backend/agency/login"},"timestamp":"2025-06-10T05:32:22.987Z"}
{"level":"info","message":{"body":{},"method":"GET","timestamp":"2025-06-10T05:32:24.300Z","url":"/backend/agency-dashboard/agency-125"},"timestamp":"2025-06-10T05:32:24.301Z"}
{"level":"info","message":{"body":{"age":28,"email":"john.doele.com","name":"Jyoti Bi","phoneNumber":"+1234567890"},"method":"POST","timestamp":"2025-06-17T09:40:16.572Z","url":"/backend/event-report/E-20250503-HHS-001"},"timestamp":"2025-06-17T09:40:16.574Z"}
{"level":"info","message":{"body":{"age":28,"email":"john.doele.com","name":"Jyoti Bi","phoneNumber":"+1234567890"},"method":"GET","timestamp":"2025-06-17T09:40:23.979Z","url":"/backend/event-report/E-20250503-HHS-001"},"timestamp":"2025-06-17T09:40:23.979Z"}
{"level":"info","message":{"body":{"age":28,"email":"john.doele.com","name":"Jyoti Bi","phoneNumber":"+1234567890"},"method":"GET","timestamp":"2025-06-17T09:53:09.295Z","url":"/backend/event-report/E-20250503-HHS-001"},"timestamp":"2025-06-17T09:53:09.295Z"}
{"level":"info","message":{"body":{"age":28,"email":"john.doele.com","name":"Jyoti Bi","phoneNumber":"+1234567890"},"method":"GET","timestamp":"2025-06-17T10:01:09.029Z","url":"/backend/event-report/E-20250503-HHS-001"},"timestamp":"2025-06-17T10:01:09.029Z"}
{"level":"info","message":{"body":{"age":28,"email":"john.doele.com","name":"Jyoti Bi","phoneNumber":"+1234567890"},"method":"GET","timestamp":"2025-06-17T10:08:05.520Z","url":"/backend/event-report/E-20250503-HHS-001"},"timestamp":"2025-06-17T10:08:05.520Z"}
{"level":"info","message":{"body":{"age":28,"email":"john.doele.com","name":"Jyoti Bi","phoneNumber":"+1234567890"},"method":"GET","timestamp":"2025-06-17T10:22:17.023Z","url":"/backend/event-report/E-20250503-HHS-001"},"timestamp":"2025-06-17T10:22:17.023Z"}
{"level":"info","message":{"body":{"mobileNumber":"9861374962","password":"NICBBSR"},"method":"POST","timestamp":"2025-06-17T10:24:15.233Z","url":"/backend/agency/login"},"timestamp":"2025-06-17T10:24:15.233Z"}
{"level":"info","message":{"body":{},"method":"GET","timestamp":"2025-06-17T10:24:16.402Z","url":"/backend/agency-dashboard/agency-125"},"timestamp":"2025-06-17T10:24:16.402Z"}
{"level":"info","message":{"body":{"agencyId":"agency-125","status":"Accepted"},"method":"PUT","timestamp":"2025-06-17T10:24:19.584Z","url":"/backend/events/status/E-20250503-HHS-001"},"timestamp":"2025-06-17T10:24:19.584Z"}
{"level":"info","message":{"body":{},"method":"GET","timestamp":"2025-06-17T10:24:19.592Z","url":"/backend/event-report/E-20250503-HHS-001"},"timestamp":"2025-06-17T10:24:19.592Z"}
{"level":"info","message":{"body":{},"method":"GET","timestamp":"2025-06-17T10:24:19.638Z","url":"/backend/agency-125/groundstaff"},"timestamp":"2025-06-17T10:24:19.638Z"}
{"level":"info","message":{"body":{"assignment_time":"2025-06-17T10:24:43.706Z","groundStaffName":"hdhhhdhdhdhdhhdhd","status":"Assigned"},"method":"PUT","timestamp":"2025-06-17T10:24:43.710Z","url":"/backend/events/status/E-20250503-HHS-001"},"timestamp":"2025-06-17T10:24:43.710Z"}
{"level":"info","message":{"body":{},"method":"GET","timestamp":"2025-06-17T10:24:43.727Z","url":"/backend/agency-dashboard/agency-125"},"timestamp":"2025-06-17T10:24:43.727Z"}
{"level":"info","message":{"body":{},"method":"GET","timestamp":"2025-06-17T10:27:00.481Z","url":"/backend/agency-dashboard/agency-125"},"timestamp":"2025-06-17T10:27:00.481Z"}
{"level":"info","message":{"body":{"agencyId":"agency-125","status":"Accepted"},"method":"PUT","timestamp":"2025-06-17T10:27:04.993Z","url":"/backend/events/status/E-20250503-HHS-001"},"timestamp":"2025-06-17T10:27:04.993Z"}
{"level":"info","message":{"body":{},"method":"GET","timestamp":"2025-06-17T10:27:04.997Z","url":"/backend/event-report/E-20250503-HHS-001"},"timestamp":"2025-06-17T10:27:04.997Z"}
{"level":"info","message":{"body":{},"method":"GET","timestamp":"2025-06-17T10:27:05.018Z","url":"/backend/agency-125/groundstaff"},"timestamp":"2025-06-17T10:27:05.018Z"}
{"level":"info","message":{"body":{"assignment_time":"2025-06-17T10:27:16.552Z","groundStaffName":"hdhhhdhdhdhdhhdhd","status":"Assigned"},"method":"PUT","timestamp":"2025-06-17T10:27:16.557Z","url":"/backend/events/status/E-20250503-HHS-001"},"timestamp":"2025-06-17T10:27:16.557Z"}
{"level":"info","message":{"body":{},"method":"GET","timestamp":"2025-06-17T10:27:16.576Z","url":"/backend/agency-dashboard/agency-125"},"timestamp":"2025-06-17T10:27:16.576Z"}
{"level":"info","message":{"body":{},"method":"POST","timestamp":"2025-06-17T10:29:04.969Z","url":"/backend/agency/logout"},"timestamp":"2025-06-17T10:29:04.969Z"}
{"level":"info","message":{"body":{"mobileNumber":"9861374962","password":"NICBBSR"},"method":"POST","timestamp":"2025-06-18T05:03:55.771Z","url":"/backend/agency/login"},"timestamp":"2025-06-18T05:03:55.773Z"}
{"level":"info","message":{"body":{},"method":"GET","timestamp":"2025-06-18T05:03:57.207Z","url":"/backend/agency-dashboard/agency-125"},"timestamp":"2025-06-18T05:03:57.207Z"}
{"level":"info","message":{"body":{"agencyId":"agency-125","status":"Accepted"},"method":"PUT","timestamp":"2025-06-18T05:03:59.112Z","url":"/backend/events/status/E-20250503-HHS-001"},"timestamp":"2025-06-18T05:03:59.113Z"}
{"level":"info","message":{"body":{},"method":"GET","timestamp":"2025-06-18T05:03:59.131Z","url":"/backend/event-report/E-20250503-HHS-001"},"timestamp":"2025-06-18T05:03:59.132Z"}
{"level":"info","message":{"body":{},"method":"GET","timestamp":"2025-06-18T05:03:59.171Z","url":"/backend/agency-125/groundstaff"},"timestamp":"2025-06-18T05:03:59.171Z"}
{"level":"info","message":{"body":{},"method":"GET","timestamp":"2025-06-18T05:41:41.408Z","url":"/backend/agency-dashboard/agency-125"},"timestamp":"2025-06-18T05:41:41.409Z"}
{"level":"info","message":{"body":{},"method":"GET","timestamp":"2025-06-18T05:41:59.594Z","url":"/backend/agency-dashboard/agency-125"},"timestamp":"2025-06-18T05:41:59.594Z"}
{"level":"info","message":{"body":{"agencyId":"agency-125","status":"Accepted"},"method":"PUT","timestamp":"2025-06-18T05:42:01.189Z","url":"/backend/events/status/E-20250503-HHS-001"},"timestamp":"2025-06-18T05:42:01.189Z"}
{"level":"info","message":{"body":{},"method":"GET","timestamp":"2025-06-18T05:42:01.196Z","url":"/backend/event-report/E-20250503-HHS-001"},"timestamp":"2025-06-18T05:42:01.196Z"}
{"level":"info","message":{"body":{},"method":"GET","timestamp":"2025-06-18T05:42:01.231Z","url":"/backend/agency-125/groundstaff"},"timestamp":"2025-06-18T05:42:01.231Z"}
{"level":"info","message":{"body":{},"method":"GET","timestamp":"2026-02-02T14:21:53.456Z","url":"/backend/agencies"},"timestamp":"2026-02-02T14:21:53.457Z"}
{"level":"info","message":{"body":{},"method":"GET","timestamp":"2026-02-02T14:21:53.497Z","url":"/backend/agencies"},"timestamp":"2026-02-02T14:21:53.497Z"}
{"level":"info","message":{"body":{"AgencyName":"agency-1","eventResponsibleFor":["Road Damage"],"jurisdiction":{"coordinates":[[[85.82,20.292],[85.82,20.3],[85.828,20.3],[85.828,20.292],[85.82,20.292],[85.82,20.292]]],"type":"Polygon"},"mobileNumber":"1234564509","password":"omnivisionbbsr"},"method":"POST","timestamp":"2026-02-02T14:25:16.635Z","url":"/backend/agency"},"timestamp":"2026-02-02T14:25:16.635Z"}
{"level":"info","message":{"body":{},"method":"GET","timestamp":"2026-02-02T14:25:16.784Z","url":"/backend/agencies"},"timestamp":"2026-02-02T14:25:16.784Z"}
{"level":"info","message":{"body":{},"method":"GET","timestamp":"2026-02-02T14:25:21.631Z","url":"/backend/agencies"},"timestamp":"2026-02-02T14:25:21.631Z"}
{"level":"info","message":{"body":{},"method":"GET","timestamp":"2026-02-02T14:25:21.635Z","url":"/backend/agencies"},"timestamp":"2026-02-02T14:25:21.635Z"}
{"level":"info","message":{"body":{},"method":"GET","timestamp":"2026-02-02T14:26:17.640Z","url":"/backend/agencies"},"timestamp":"2026-02-02T14:26:17.640Z"}
{"level":"info","message":{"body":{},"method":"GET","timestamp":"2026-02-02T14:26:53.956Z","url":"/backend/agencies"},"timestamp":"2026-02-02T14:26:53.957Z"}
{"level":"info","message":{"body":{},"method":"GET","timestamp":"2026-02-02T14:26:53.960Z","url":"/backend/agencies"},"timestamp":"2026-02-02T14:26:53.960Z"}
{"level":"info","message":{"body":{"mobileNumber":"1234564509","password":"omnivisionbbsr"},"method":"POST","timestamp":"2026-02-02T14:28:46.057Z","url":"/backend/agency/login"},"timestamp":"2026-02-02T14:28:46.057Z"}
{"level":"info","message":{"body":{},"method":"GET","timestamp":"2026-02-02T14:28:47.175Z","url":"/backend/agency-dashboard/agency-5407"},"timestamp":"2026-02-02T14:28:47.175Z"}
{"level":"info","message":{"body":{},"method":"GET","timestamp":"2026-02-02T14:28:47.183Z","url":"/backend/agency-dashboard/agency-5407"},"timestamp":"2026-02-02T14:28:47.183Z"}
{"level":"info","message":{"body":{},"method":"POST","timestamp":"2026-02-02T14:38:12.506Z","url":"/backend/agency/logout"},"timestamp":"2026-02-02T14:38:12.506Z"}
{"level":"info","message":{"body":{"mobileNumber":"8480750392","password":"Ugabuga69"},"method":"POST","timestamp":"2026-02-02T14:38:26.244Z","url":"/backend/agency/login"},"timestamp":"2026-02-02T14:38:26.244Z"}
{"level":"info","message":{"body":{"mobileNumber":"8480750392","password":"NICBBSR"},"method":"POST","timestamp":"2026-02-02T14:38:31.372Z","url":"/backend/agency/login"},"timestamp":"2026-02-02T14:38:31.372Z"}
{"level":"info","message":{"body":{"mobileNumber":"8480750392","password":"NICBBSR"},"method":"POST","timestamp":"2026-02-02T14:38:34.415Z","url":"/backend/agency/login"},"timestamp":"2026-02-02T14:38:34.415Z"}
{"level":"info","message":{"body":{},"method":"GET","timestamp":"2026-02-02T14:46:34.841Z","url":"/backend/agencies"},"timestamp":"2026-02-02T14:46:34.841Z"}
{"level":"info","message":{"body":{},"method":"GET","timestamp":"2026-02-02T14:46:34.844Z","url":"/backend/agencies"},"timestamp":"2026-02-02T14:46:34.844Z"}
{"level":"info","message":{"body":{},"method":"GET","timestamp":"2026-02-02T14:46:51.694Z","url":"/backend/agencies"},"timestamp":"2026-02-02T14:46:51.694Z"}
{"level":"info","message":{"body":{},"method":"GET","timestamp":"2026-02-02T14:46:51.697Z","url":"/backend/agencies"},"timestamp":"2026-02-02T14:46:51.697Z"}
{"level":"info","message":{"body":{},"method":"GET","timestamp":"2026-02-02T14:47:11.186Z","url":"/backend/agencies"},"timestamp":"2026-02-02T14:47:11.186Z"}
{"level":"info","message":{"body":{},"method":"GET","timestamp":"2026-02-02T14:47:11.189Z","url":"/backend/agencies"},"timestamp":"2026-02-02T14:47:11.189Z"}
{"level":"info","message":{"body":{},"method":"GET","timestamp":"2026-02-02T14:54:30.282Z","url":"/backend/agencies"},"timestamp":"2026-02-02T14:54:30.282Z"}
{"level":"info","message":{"body":{},"method":"GET","timestamp":"2026-02-02T14:54:30.285Z","url":"/backend/agencies"},"timestamp":"2026-02-02T14:54:30.285Z"}
{"level":"info","message":{"body":{},"method":"GET","timestamp":"2026-02-02T14:54:33.610Z","url":"/backend/agencies"},"timestamp":"2026-02-02T14:54:33.610Z"}
{"level":"info","message":{"body":{},"method":"GET","timestamp":"2026-02-02T18:32:32.459Z","url":"/backend/agencies"},"timestamp":"2026-02-02T18:32:32.460Z"}
{"level":"info","message":{"body":{},"method":"GET","timestamp":"2026-02-02T18:32:32.477Z","url":"/backend/agencies"},"timestamp":"2026-02-02T18:32:32.477Z"}
{"level":"info","message":{"body":{},"method":"GET","timestamp":"2026-02-03T12:21:52.896Z","url":"/backend/agencies"},"timestamp":"2026-02-03T12:21:52.897Z"}
{"level":"info","message":{"body":{},"method":"GET","timestamp":"2026-02-03T12:21:52.940Z","url":"/backend/agencies"},"timestamp":"2026-02-03T12:21:52.940Z"}
{"level":"info","message":{"body":{},"method":"GET","timestamp":"2026-02-03T12:23:23.996Z","url":"/backend/agencies"},"timestamp":"2026-02-03T12:23:23.996Z"}
{"level":"info","message":{"body":{},"method":"GET","timestamp":"2026-02-03T12:23:24.001Z","url":"/backend/agencies"},"timestamp":"2026-02-03T12:23:24.001Z"}
{"level":"info","message":{"body":{},"method":"GET","timestamp":"2026-02-03T12:24:32.213Z","url":"/backend/agencies"},"timestamp":"2026-02-03T12:24:32.213Z"}
{"level":"info","message":{"body":{},"method":"GET","timestamp":"2026-02-03T12:24:32.220Z","url":"/backend/agencies"},"timestamp":"2026-02-03T12:24:32.220Z"}
{"level":"info","message":{"body":{},"method":"GET","timestamp":"2026-02-03T12:24:33.265Z","url":"/backend/agencies"},"timestamp":"2026-02-03T12:24:33.265Z"}
{"level":"info","message":{"body":{},"method":"GET","timestamp":"2026-02-03T12:24:33.269Z","url":"/backend/agencies"},"timestamp":"2026-02-03T12:24:33.269Z"}
{"level":"info","message":{"body":{},"method":"GET","timestamp":"2026-02-03T12:24:34.250Z","url":"/backend/agencies"},"timestamp":"2026-02-03T12:24:34.250Z"}
{"level":"info","message":{"body":{},"method":"GET","timestamp":"2026-02-03T12:24:34.255Z","url":"/backend/agencies"},"timestamp":"2026-02-03T12:24:34.255Z"}
{"level":"info","message":{"body":{},"method":"GET","timestamp":"2026-02-03T12:28:23.336Z","url":"/backend/agencies"},"timestamp":"2026-02-03T12:28:23.336Z"}
{"level":"info","message":{"body":{},"method":"GET","timestamp":"2026-02-03T12:28:23.340Z","url":"/backend/agencies"},"timestamp":"2026-02-03T12:28:23.340Z"}
{"level":"info","message":{"body":{"AgencyName":"new","eventResponsibleFor":["Road Damage","Human Health Services"],"jurisdiction":{"coordinates":[[[20.3532,85.8185],[20.3541,85.8203],[20.3526,85.8219],[20.3509,85.8208],[20.3504,85.8189],[20.3532,85.8185]]],"type":"Polygon"},"mobileNumber":"1234556234","password":"omnivision"},"method":"POST","timestamp":"2026-02-03T12:32:28.550Z","url":"/backend/agency"},"timestamp":"2026-02-03T12:32:28.550Z"}
{"level":"info","message":{"body":{},"method":"GET","timestamp":"2026-02-03T12:32:28.691Z","url":"/backend/agencies"},"timestamp":"2026-02-03T12:32:28.691Z"}
{"level":"info","message":{"body":{},"method":"GET","timestamp":"2026-02-03T12:32:36.283Z","url":"/backend/agencies"},"timestamp":"2026-02-03T12:32:36.283Z"}
{"level":"info","message":{"body":{},"method":"GET","timestamp":"2026-02-03T12:32:36.288Z","url":"/backend/agencies"},"timestamp":"2026-02-03T12:32:36.288Z"}
{"level":"info","message":{"body":{},"method":"DELETE","timestamp":"2026-02-03T12:36:17.356Z","url":"/backend/agencies/agency-6091"},"timestamp":"2026-02-03T12:36:17.356Z"}
{"level":"info","message":{"body":{},"method":"GET","timestamp":"2026-02-03T12:36:17.370Z","url":"/backend/agencies"},"timestamp":"2026-02-03T12:36:17.370Z"}
{"level":"info","message":{"body":{"AgencyName":"new","eventResponsibleFor":["Road Damage"],"jurisdiction":{"coordinates":[[20.3532,85.8185],[20.3541,85.8203],[20.3526,85.8219],[20.3509,85.8208],[20.3504,85.8189],[20.3532,85.8185]],"type":"Polygon"},"mobileNumber":"7749848533","password":"omnivision"},"method":"POST","timestamp":"2026-02-03T12:36:47.637Z","url":"/backend/agency"},"timestamp":"2026-02-03T12:36:47.637Z"}
{"level":"info","message":{"body":{"AgencyName":"new","eventResponsibleFor":["Road Damage"],"jurisdiction":{"coordinates":[[20.3532,85.8185],[20.3541,85.8203],[20.3526,85.8219],[20.3509,85.8208],[20.3504,85.8189],[20.3532,85.8185]],"type":"Polygon"},"mobileNumber":"7749848533","password":"omnivision"},"method":"POST","timestamp":"2026-02-03T12:37:05.502Z","url":"/backend/agency"},"timestamp":"2026-02-03T12:37:05.502Z"}
{"level":"info","message":{"body":{},"method":"GET","timestamp":"2026-02-03T12:42:31.266Z","url":"/backend/agencies"},"timestamp":"2026-02-03T12:42:31.266Z"}
{"level":"info","message":{"body":{},"method":"GET","timestamp":"2026-02-03T12:42:31.273Z","url":"/backend/agencies"},"timestamp":"2026-02-03T12:42:31.273Z"}
{"level":"info","message":{"body":{"AgencyName":"new","eventResponsibleFor":["Road Damage"],"jurisdiction":{"coordinates":[[20.3532,85.8185],[20.3541,85.8203],[20.3526,85.8219],[20.3509,85.8208],[20.3504,85.8189],[20.3532,85.8185]],"type":"Polygon"},"mobileNumber":"7749848533","password":"omnivision"},"method":"POST","timestamp":"2026-02-03T12:44:01.777Z","url":"/backend/agency"},"timestamp":"2026-02-03T12:44:01.777Z"}
{"level":"info","message":{"body":{"AgencyName":"new","eventResponsibleFor":["Road Damage"],"jurisdiction":{"coordinates":[[20.3532,85.8185],[20.3541,85.8203],[20.3526,85.8219],[20.3509,85.8208],[20.3504,85.8189],[20.3532,85.8185]],"type":"Polygon"},"mobileNumber":"7749848533","password":"omnivision"},"method":"POST","timestamp":"2026-02-03T12:52:34.505Z","url":"/backend/agency"},"timestamp":"2026-02-03T12:52:34.505Z"}
{"level":"info","message":{"body":{"AgencyName":"new","eventResponsibleFor":["Road Damage"],"jurisdiction":{"coordinates":[[20.3532,85.8185],[20.3541,85.8203],[20.3526,85.8219],[20.3509,85.8208],[20.3504,85.8189],[20.3532,85.8185]],"type":"Polygon"},"mobileNumber":"7749848533","password":"omnivision"},"method":"POST","timestamp":"2026-02-03T12:55:11.287Z","url":"/backend/agency"},"timestamp":"2026-02-03T12:55:11.288Z"}
{"level":"info","message":{"body":{"AgencyName":"new","eventResponsibleFor":["Road Damage"],"jurisdiction":{"coordinates":[[20.3532,85.8185],[20.3541,85.8203],[20.3526,85.8219],[20.3509,85.8208],[20.3504,85.8189],[20.3532,85.8185]],"type":"Polygon"},"mobileNumber":"7749848533","password":"omnivision"},"method":"POST","timestamp":"2026-02-03T12:57:25.461Z","url":"/backend/agency"},"timestamp":"2026-02-03T12:57:25.463Z"}
{"level":"info","message":{"body":{"AgencyName":"new","eventResponsibleFor":["Road Damage"],"jurisdiction":{"coordinates":[[20.3532,85.8185],[20.3541,85.8203],[20.3526,85.8219],[20.3509,85.8208],[20.3504,85.8189],[20.3532,85.8185]],"type":"Polygon"},"mobileNumber":"7749848533","password":"omnivision"},"method":"POST","timestamp":"2026-02-03T12:57:53.207Z","url":"/backend/agency"},"timestamp":"2026-02-03T12:57:53.208Z"}
{"level":"info","message":{"body":{},"method":"GET","timestamp":"2026-02-03T13:09:42.778Z","url":"/backend/agencies"},"timestamp":"2026-02-03T13:09:42.779Z"}
{"level":"info","message":{"body":{},"method":"GET","timestamp":"2026-02-03T13:09:42.837Z","url":"/backend/agencies"},"timestamp":"2026-02-03T13:09:42.837Z"}
{"level":"info","message":{"body":{},"method":"GET","timestamp":"2026-02-03T13:09:50.110Z","url":"/backend/agencies"},"timestamp":"2026-02-03T13:09:50.110Z"}
{"level":"info","message":{"body":{"AgencyName":"new","eventResponsibleFor":["Road Damage"],"jurisdiction":{"coordinates":[[20.3532,85.8185],[20.3541,85.8203],[20.3526,85.8219],[20.3509,85.8208],[20.3504,85.8189],[20.3532,85.8185]],"type":"Polygon"},"mobileNumber":"7749848533","password":"omnivision"},"method":"POST","timestamp":"2026-02-03T13:10:19.204Z","url":"/backend/agency"},"timestamp":"2026-02-03T13:10:19.204Z"}
{"level":"info","message":{"body":{},"method":"GET","timestamp":"2026-02-03T13:11:06.177Z","url":"/backend/agencies"},"timestamp":"2026-02-03T13:11:06.177Z"}
{"level":"info","message":{"body":{},"method":"GET","timestamp":"2026-02-03T13:11:06.186Z","url":"/backend/agencies"},"timestamp":"2026-02-03T13:11:06.186Z"}
{"level":"info","message":{"body":{"AgencyName":"new","eventResponsibleFor":["Road Damage"],"jurisdiction":{"coordinates":[[20.3532,85.8185],[20.3541,85.8203],[20.3526,85.8219],[20.3509,85.8208],[20.3504,85.8189],[20.3532,85.8185]],"type":"Polygon"},"mobileNumber":"7749848533","password":"omnivision"},"method":"POST","timestamp":"2026-02-03T13:11:39.873Z","url":"/backend/agency"},"timestamp":"2026-02-03T13:11:39.873Z"}
{"level":"info","message":{"body":{"AgencyName":"new","eventResponsibleFor":["Road Damage"],"jurisdiction":{"coordinates":[[[20.3532,85.8185],[20.3541,85.8203],[20.3526,85.8219],[20.3509,85.8208],[20.3504,85.8189],[20.3532,85.8185]]],"type":"Polygon"},"mobileNumber":"7749848533","password":"omnivision"},"method":"POST","timestamp":"2026-02-03T13:12:16.677Z","url":"/backend/agency"},"timestamp":"2026-02-03T13:12:16.677Z"}
{"level":"info","message":{"body":{"AgencyName":"new","eventResponsibleFor":["Road Damage"],"jurisdiction":{"coordinates":[[[20.3532,85.8185],[20.3541,85.8203],[20.3526,85.8219],[20.3509,85.8208],[20.3504,85.8189],[20.3532,85.8185]]],"type":"Polygon"},"mobileNumber":"7749848533","password":"omnivision"},"method":"POST","timestamp":"2026-02-03T13:12:33.880Z","url":"/backend/agency"},"timestamp":"2026-02-03T13:12:33.880Z"}
{"level":"info","message":{"body":{"AgencyName":"new","eventResponsibleFor":["Road Damage"],"jurisdiction":{"coordinates":[[20.3532,85.8185],[20.3541,85.8203],[20.3526,85.8219],[20.3509,85.8208],[20.3504,85.8189],[20.3532,85.8185]],"type":"Polygon"},"mobileNumber":"7749848533","password":"omnivision"},"method":"POST","timestamp":"2026-02-03T13:13:09.798Z","url":"/backend/agency"},"timestamp":"2026-02-03T13:13:09.799Z"}
{"level":"info","message":{"body":{"AgencyName":"new","eventResponsibleFor":["Road Damage"],"jurisdiction":{"coordinates":[[20.3532,85.8185],[20.3541,85.8203],[20.3526,85.8219],[20.3509,85.8208],[20.3504,85.8189],[20.3532,85.8185]],"type":"Polygon"},"mobileNumber":"7749848533","password":"omnivision"},"method":"POST","timestamp":"2026-02-03T13:17:39.027Z","url":"/backend/agency"},"timestamp":"2026-02-03T13:17:39.027Z"}
{"level":"info","message":{"body":{"AgencyName":"new","eventResponsibleFor":["Road Damage"],"jurisdiction":{"coordinates":[[20.3532,85.8185],[20.3541,85.8203],[20.3526,85.8219],[20.3509,85.8208],[20.3504,85.8189],[20.3532,85.8185]],"type":"Polygon"},"mobileNumber":"7749848533","password":"omnivision"},"method":"POST","timestamp":"2026-02-03T13:17:51.938Z","url":"/backend/agency"},"timestamp":"2026-02-03T13:17:51.938Z"}
{"level":"info","message":{"body":{"AgencyName":"new","eventResponsibleFor":["Road Damage"],"jurisdiction":{"coordinates":[[20.3532,85.8185],[20.3541,85.8203],[20.3526,85.8219],[20.3509,85.8208],[20.3504,85.8189],[20.3532,85.8185]],"type":"Polygon"},"mobileNumber":"7749848533","password":"omnivision"},"method":"POST","timestamp":"2026-02-03T13:17:59.460Z","url":"/backend/agency"},"timestamp":"2026-02-03T13:17:59.460Z"}
{"level":"info","message":{"body":{"AgencyName":"new","eventResponsibleFor":["Road Damage"],"jurisdiction":{"coordinates":[[20.3532,85.8185],[20.3541,85.8203],[20.3526,85.8219],[20.3509,85.8208],[20.3504,85.8189],[20.3532,85.8185]],"type":"Polygon"},"mobileNumber":"7749848533","password":"omnivision"},"method":"POST","timestamp":"2026-02-03T13:19:51.572Z","url":"/backend/agency"},"timestamp":"2026-02-03T13:19:51.572Z"}
{"level":"info","message":{"body":{},"method":"GET","timestamp":"2026-02-03T13:19:51.694Z","url":"/backend/agencies"},"timestamp":"2026-02-03T13:19:51.694Z"}
{"level":"info","message":{"body":{},"method":"GET","timestamp":"2026-02-03T13:20:10.080Z","url":"/backend/agencies"},"timestamp":"2026-02-03T13:20:10.080Z"}
{"level":"info","message":{"body":{},"method":"GET","timestamp":"2026-02-03T13:20:10.085Z","url":"/backend/agencies"},"timestamp":"2026-02-03T13:20:10.085Z"}
{"level":"info","message":{"body":{},"method":"GET","timestamp":"2026-02-03T13:23:55.236Z","url":"/backend/agencies"},"timestamp":"2026-02-03T13:23:55.236Z"}
{"level":"info","message":{"body":{},"method":"GET","timestamp":"2026-02-03T13:23:55.240Z","url":"/backend/agencies"},"timestamp":"2026-02-03T13:23:55.241Z"}
{"level":"info","message":{"body":{},"method":"GET","timestamp":"2026-02-03T13:24:02.807Z","url":"/backend/agencies"},"timestamp":"2026-02-03T13:24:02.807Z"}
{"level":"info","message":{"body":{},"method":"GET","timestamp":"2026-02-03T13:24:02.811Z","url":"/backend/agencies"},"timestamp":"2026-02-03T13:24:02.811Z"}
{"level":"info","message":{"body":{},"method":"GET","timestamp":"2026-02-03T13:24:17.750Z","url":"/backend/agencies"},"timestamp":"2026-02-03T13:24:17.750Z"}
{"level":"info","message":{"body":{},"method":"GET","timestamp":"2026-02-03T13:24:17.754Z","url":"/backend/agencies"},"timestamp":"2026-02-03T13:24:17.754Z"}
{"level":"info","message":{"body":{},"method":"GET","timestamp":"2026-02-03T13:24:31.989Z","url":"/backend/agencies"},"timestamp":"2026-02-03T13:24:31.989Z"}
{"level":"info","message":{"body":{},"method":"GET","timestamp":"2026-02-03T13:24:31.993Z","url":"/backend/agencies"},"timestamp":"2026-02-03T13:24:31.993Z"}
{"level":"info","message":{"body":{},"method":"GET","timestamp":"2026-02-03T13:25:39.978Z","url":"/backend/agencies"},"timestamp":"2026-02-03T13:25:39.978Z"}
{"level":"info","message":{"body":{},"method":"GET","timestamp":"2026-02-03T13:25:39.982Z","url":"/backend/agencies"},"timestamp":"2026-02-03T13:25:39.982Z"}
{"level":"info","message":{"body":{},"method":"GET","timestamp":"2026-02-03T13:34:47.243Z","url":"/backend/agencies"},"timestamp":"2026-02-03T13:34:47.243Z"}
{"level":"info","message":{"body":{},"method":"GET","timestamp":"2026-02-03T13:34:47.247Z","url":"/backend/agencies"},"timestamp":"2026-02-03T13:34:47.247Z"}
{"level":"info","message":{"body":{},"method":"GET","timestamp":"2026-02-03T13:39:58.235Z","url":"/backend/agencies"},"timestamp":"2026-02-03T13:39:58.235Z"}
{"level":"info","message":{"body":{},"method":"GET","timestamp":"2026-02-03T13:40:09.573Z","url":"/backend/agencies"},"timestamp":"2026-02-03T13:40:09.573Z"}
{"level":"info","message":{"body":{},"method":"GET","timestamp":"2026-02-03T13:40:09.576Z","url":"/backend/agencies"},"timestamp":"2026-02-03T13:40:09.576Z"}
{"level":"info","message":{"body":{"AgencyName":"fixednew","eventResponsibleFor":["road damage"],"jurisdiction":{"coordinates":[[20.3532,85.8185],[20.3541,85.8203],[20.3526,85.8219],[20.3509,85.8208],[20.3504,85.8189],[20.3532,85.8185]],"type":"Polygon"},"lat":20.3541,"lng":85.8203,"mobileNumber":"1234567891","password":"omnivision"},"method":"POST","timestamp":"2026-02-03T13:41:24.385Z","url":"/backend/agency"},"timestamp":"2026-02-03T13:41:24.385Z"}
{"level":"info","message":{"body":{},"method":"GET","timestamp":"2026-02-03T13:41:24.469Z","url":"/backend/agencies"},"timestamp":"2026-02-03T13:41:24.469Z"}
{"level":"info","message":{"body":{"AgencyName":"check","eventResponsibleFor":["street light"],"jurisdiction":null,"lat":20.2961,"lng":85.8245,"mobileNumber":"1294820938","password":"Ssk@$9861!"},"method":"POST","timestamp":"2026-02-03T13:43:16.914Z","url":"/backend/agency"},"timestamp":"2026-02-03T13:43:16.914Z"}
{"level":"info","message":{"body":{},"method":"GET","timestamp":"2026-02-03T13:43:16.999Z","url":"/backend/agencies"},"timestamp":"2026-02-03T13:43:16.999Z"}
{"level":"info","message":{"body":{"AgencyName":"check","eventResponsibleFor":["street light"],"jurisdiction":{"coordinates":[[20.3532,85.8185],[20.3541,85.8203],[20.3526,85.8219],[20.3509,85.8208],[20.3504,85.8189],[20.3532,85.8185]],"type":"Polygon"},"lat":20.2961,"lng":85.8245,"mobileNumber":"1294820938","password":"omniision"},"method":"PUT","timestamp":"2026-02-03T13:45:16.531Z","url":"/backend/agencies/agency-5132"},"timestamp":"2026-02-03T13:45:16.531Z"}
{"level":"info","message":{"body":{},"method":"GET","timestamp":"2026-02-03T13:45:16.548Z","url":"/backend/agencies"},"timestamp":"2026-02-03T13:45:16.548Z"}
{"level":"info","message":{"body":{"AgencyName":"check","eventResponsibleFor":["street light"],"jurisdiction":{"coordinates":[[22.3532,85.8185],[20.3541,85.8203],[20.3526,85.8219],[20.3509,85.8208],[20.3504,85.8189],[22.3532,85.8185]],"type":"Polygon"},"lat":20.3532,"lng":85.8185,"mobileNumber":"1294820938","password":"omnivision"},"method":"PUT","timestamp":"2026-02-03T13:46:25.020Z","url":"/backend/agencies/agency-5132"},"timestamp":"2026-02-03T13:46:25.020Z"}
{"level":"info","message":{"body":{},"method":"GET","timestamp":"2026-02-03T13:46:25.039Z","url":"/backend/agencies"},"timestamp":"2026-02-03T13:46:25.039Z"}
{"level":"info","message":{"body":{},"method":"DELETE","timestamp":"2026-02-03T13:46:43.921Z","url":"/backend/agencies/agency-5132"},"timestamp":"2026-02-03T13:46:43.921Z"}
{"level":"info","message":{"body":{},"method":"GET","timestamp":"2026-02-03T13:46:43.979Z","url":"/backend/agencies"},"timestamp":"2026-02-03T13:46:43.979Z"}
{"level":"info","message":{"body":{"AgencyName":"chlejfkds","eventResponsibleFor":["road damage"],"jurisdiction":{"coordinates":[[20.2978,85.8229],[20.2994,85.8246],[20.2971,85.8263],[20.2952,85.8251],[20.2956,85.8232],[20.2978,85.8229]],"type":"Polygon"},"lat":20.2961,"lng":85.8245,"mobileNumber":"1239409380","password":"omnivision"},"method":"POST","timestamp":"2026-02-03T13:48:39.970Z","url":"/backend/agency"},"timestamp":"2026-02-03T13:48:39.970Z"}
{"level":"info","message":{"body":{},"method":"GET","timestamp":"2026-02-03T13:48:40.049Z","url":"/backend/agencies"},"timestamp":"2026-02-03T13:48:40.049Z"}
{"level":"info","message":{"body":{},"method":"GET","timestamp":"2026-02-03T13:56:53.148Z","url":"/backend/agencies"},"timestamp":"2026-02-03T13:56:53.148Z"}
{"level":"info","message":{"body":{},"method":"GET","timestamp":"2026-02-03T13:56:53.151Z","url":"/backend/agencies"},"timestamp":"2026-02-03T13:56:53.151Z"}
{"level":"info","message":{"body":{"AgencyName":"chlejfkds","eventResponsibleFor":["road damage"],"jurisdiction":{"coordinates":[[20.2978,85.8229],[20.2994,85.8246],[20.2971,85.8263],[20.2952,85.8251],[20.2956,85.8232],[20.2978,85.8229]],"type":"Polygon"},"lat":20.296,"lng":85.8245,"mobileNumber":"1239409380"},"method":"PUT","timestamp":"2026-02-03T13:57:45.134Z","url":"/backend/agencies/agency-8475"},"timestamp":"2026-02-03T13:57:45.134Z"}
{"level":"info","message":{"body":{},"method":"GET","timestamp":"2026-02-03T13:57:45.156Z","url":"/backend/agencies"},"timestamp":"2026-02-03T13:57:45.156Z"}
{"level":"info","message":{"body":{"mobileNumber":"1239409380","password":"omnivision"},"method":"POST","timestamp":"2026-02-03T13:58:27.481Z","url":"/backend/agency/login"},"timestamp":"2026-02-03T13:58:27.481Z"}
{"level":"info","message":{"body":{"AgencyName":"chlejfkds","eventResponsibleFor":["road damage"],"jurisdiction":{"coordinates":[[20.2978,85.8229],[20.2994,85.8246],[20.2971,85.8263],[20.2952,85.8251],[20.2956,85.8232],[20.2978,85.8229]],"type":"Polygon"},"lat":20.2961,"lng":85.8245,"mobileNumber":"1239409380","password":"gugugaga"},"method":"PUT","timestamp":"2026-02-03T13:58:53.842Z","url":"/backend/agencies/agency-8475"},"timestamp":"2026-02-03T13:58:53.842Z"}
{"level":"info","message":{"body":{},"method":"GET","timestamp":"2026-02-03T13:58:53.860Z","url":"/backend/agencies"},"timestamp":"2026-02-03T13:58:53.860Z"}
{"level":"info","message":{"body":{"mobileNumber":"1239409380","password":"omnivision"},"method":"POST","timestamp":"2026-02-03T13:59:07.318Z","url":"/backend/agency/login"},"timestamp":"2026-02-03T13:59:07.318Z"}
{"level":"info","message":{"body":{"mobileNumber":"1239409380","password":"gugugaga"},"method":"POST","timestamp":"2026-02-03T13:59:11.756Z","url":"/backend/agency/login"},"timestamp":"2026-02-03T13:59:11.756Z"}
{"level":"info","message":{"body":{},"method":"POST","timestamp":"2026-02-03T13:59:30.637Z","url":"/backend/agency/logout"},"timestamp":"2026-02-03T13:59:30.637Z"}
{"level":"info","message":{"body":{"mobileNumber":"1239409380","password":"gugugaga"},"method":"POST","timestamp":"2026-02-03T13:59:36.442Z","url":"/backend/agency/login"},"timestamp":"2026-02-03T13:59:36.442Z"}
{"level":"info","message":{"body":{"AgencyName":"chlejfkds","eventResponsibleFor":["road damage"],"jurisdiction":{"coordinates":[[20.2978,85.8229],[20.2994,85.8246],[20.2971,85.8263],[20.2952,85.8251],[20.2956,85.8232],[20.2978,85.8229]],"type":"Polygon"},"lat":20.2961,"lng":85.8245,"mobileNumber":"1239409380","password":"gooo"},"method":"PUT","timestamp":"2026-02-03T13:59:47.223Z","url":"/backend/agencies/agency-8475"},"timestamp":"2026-02-03T13:59:47.223Z"}
{"level":"info","message":{"body":{},"method":"GET","timestamp":"2026-02-03T13:59:47.240Z","url":"/backend/agencies"},"timestamp":"2026-02-03T13:59:47.240Z"}
{"level":"info","message":{"body":{"mobileNumber":"1239409380","password":"goo"},"method":"POST","timestamp":"2026-02-03T13:59:54.585Z","url":"/backend/agency/login"},"timestamp":"2026-02-03T13:59:54.585Z"}
{"level":"info","message":{"body":{"mobileNumber":"1239409380","password":"gooo"},"method":"POST","timestamp":"2026-02-03T13:59:56.328Z","url":"/backend/agency/login"},"timestamp":"2026-02-03T13:59:56.328Z"}
{"level":"info","message":{"body":{"mobileNumber":"1234567891","password":"omnivision"},"method":"POST","timestamp":"2026-02-03T14:02:06.182Z","url":"/backend/agency/login"},"timestamp":"2026-02-03T14:02:06.183Z"}
{"level":"info","message":{"body":{},"method":"POST","timestamp":"2026-02-03T14:02:37.626Z","url":"/backend/agency/logout"},"timestamp":"2026-02-03T14:02:37.626Z"}
{"level":"info","message":{"body":{"mobileNumber":"8480750392","password":"NICBBSR"},"method":"POST","timestamp":"2026-02-03T14:02:53.781Z","url":"/backend/agency/login"},"timestamp":"2026-02-03T14:02:53.781Z"}
{"level":"info","message":{"body":{"AgencyName":"chlejfkds","eventResponsibleFor":["road damage"],"jurisdiction":{"coordinates":[[20.2978,85.8229],[20.2994,85.8246],[20.2971,85.8263],[20.2952,85.8251],[20.2956,85.8232],[20.2978,85.8229]],"type":"Polygon"},"lat":20.2961,"lng":85.8245,"mobileNumber":"1239409380","password":"halooo"},"method":"PUT","timestamp":"2026-02-03T14:11:03.318Z","url":"/backend/agencies/agency-8475"},"timestamp":"2026-02-03T14:11:03.318Z"}
{"level":"info","message":{"body":{},"method":"GET","timestamp":"2026-02-03T14:11:03.338Z","url":"/backend/agencies"},"timestamp":"2026-02-03T14:11:03.338Z"}
{"level":"info","message":{"body":{"mobileNumber":"1239409380","password":"halooo"},"method":"POST","timestamp":"2026-02-03T14:11:15.536Z","url":"/backend/agency/login"},"timestamp":"2026-02-03T14:11:15.536Z"}
{"level":"info","message":{"body":{"mobileNumber":"1239409380","password":"Halooo"},"method":"POST","timestamp":"2026-02-03T14:11:20.091Z","url":"/backend/agency/login"},"timestamp":"2026-02-03T14:11:20.091Z"}
{"level":"info","message":{"body":{"AgencyName":"chlejfkds","eventResponsibleFor":["road damage"],"jurisdiction":{"coordinates":[[20.2978,85.8229],[20.2994,85.8246],[20.2971,85.8263],[20.2952,85.8251],[20.2956,85.8232],[20.2978,85.8229]],"type":"Polygon"},"lat":20.2961,"lng":85.8245,"mobileNumber":"1239409380","password":"gooogoo"},"method":"PUT","timestamp":"2026-02-03T14:13:29.364Z","url":"/backend/agencies/agency-8475"},"timestamp":"2026-02-03T14:13:29.364Z"}
{"level":"info","message":{"body":{},"method":"GET","timestamp":"2026-02-03T14:13:29.384Z","url":"/backend/agencies"},"timestamp":"2026-02-03T14:13:29.384Z"}
{"level":"info","message":{"body":{"AgencyName":"chlejfkds","eventResponsibleFor":["road damage"],"jurisdiction":{"coordinates":[[20.2978,85.8229],[20.2994,85.8246],[20.2971,85.8263],[20.2952,85.8251],[20.2956,85.8232],[20.2978,85.8229]],"type":"Polygon"},"lat":20.2961,"lng":85.8245,"mobileNumber":"1239409380","password":"gugi"},"method":"PUT","timestamp":"2026-02-03T14:18:30.799Z","url":"/backend/agencies/agency-8475"},"timestamp":"2026-02-03T14:18:30.799Z"}
{"level":"info","message":{"body":{},"method":"GET","timestamp":"2026-02-03T14:18:30.818Z","url":"/backend/agencies"},"timestamp":"2026-02-03T14:18:30.818Z"}
{"level":"info","message":{"body":{"mobileNumber":"1239409380","password":"gugi"},"method":"POST","timestamp":"2026-02-03T14:18:36.590Z","url":"/backend/agency/login"},"timestamp":"2026-02-03T14:18:36.590Z"}
{"level":"info","message":{"body":{"mobileNumber":"1239409380","password":"omnivision"},"method":"POST","timestamp":"2026-02-03T14:19:29.861Z","url":"/backend/agency/login"},"timestamp":"2026-02-03T14:19:29.861Z"}
{"level":"info","message":{"body":{"mobileNumber":"1239409380","password":"gugi"},"method":"POST","timestamp":"2026-02-03T14:22:18.276Z","url":"/backend/agency/login"},"timestamp":"2026-02-03T14:22:18.276Z"}
{"level":"info","message":{"body":{"mobileNumber":"1239409380","password":"gugi"},"method":"POST","timestamp":"2026-02-03T14:22:29.072Z","url":"/backend/agency/login"},"timestamp":"2026-02-03T14:22:29.072Z"}
{"level":"info","message":{"body":{"AgencyName":"chlejfkds","eventResponsibleFor":["road damage"],"jurisdiction":{"coordinates":[[20.2978,85.8229],[20.2994,85.8246],[20.2971,85.8263],[20.2952,85.8251],[20.2956,85.8232],[20.2978,85.8229]],"type":"Polygon"},"lat":20.2961,"lng":85.8245,"mobileNumber":"1239409380","password":"gugi"},"method":"PUT","timestamp":"2026-02-03T14:23:26.643Z","url":"/backend/agencies/agency-8475"},"timestamp":"2026-02-03T14:23:26.644Z"}
{"level":"info","message":{"body":{},"method":"GET","timestamp":"2026-02-03T14:23:26.742Z","url":"/backend/agencies"},"timestamp":"2026-02-03T14:23:26.742Z"}
{"level":"info","message":{"body":{"mobileNumber":"1239409380","password":"gugi"},"method":"POST","timestamp":"2026-02-03T14:23:32.087Z","url":"/backend/agency/login"},"timestamp":"2026-02-03T14:23:32.087Z"}
{"level":"info","message":{"body":{},"method":"GET","timestamp":"2026-02-03T14:24:28.620Z","url":"/backend/agency-dashboard/agency-8475"},"timestamp":"2026-02-03T14:24:28.620Z"}
{"level":"info","message":{"body":{},"method":"GET","timestamp":"2026-02-03T14:24:28.627Z","url":"/backend/agency-dashboard/agency-8475"},"timestamp":"2026-02-03T14:24:28.627Z"}
{"level":"info","message":{"body":{},"method":"POST","timestamp":"2026-02-03T14:24:40.610Z","url":"/backend/agency/logout"},"timestamp":"2026-02-03T14:24:40.610Z"}
{"level":"info","message":{"body":{"AgencyName":"chlejfkds","eventResponsibleFor":["road damage"],"jurisdiction":{"coordinates":[[20.2978,85.8229],[20.2994,85.8246],[20.2971,85.8263],[20.2952,85.8251],[20.2956,85.8232],[20.2978,85.8229]],"type":"Polygon"},"lat":20.296,"lng":85.8245,"mobileNumber":"1239409380"},"method":"PUT","timestamp":"2026-02-03T14:25:15.250Z","url":"/backend/agencies/agency-8475"},"timestamp":"2026-02-03T14:25:15.250Z"}
{"level":"info","message":{"body":{},"method":"GET","timestamp":"2026-02-03T14:25:15.268Z","url":"/backend/agencies"},"timestamp":"2026-02-03T14:25:15.268Z"}
{"level":"info","message":{"body":{"mobileNumber":"1239409380","password":"gugi"},"method":"POST","timestamp":"2026-02-03T14:25:27.662Z","url":"/backend/agency/login"},"timestamp":"2026-02-03T14:25:27.662Z"}
{"level":"info","message":{"body":{},"method":"GET","timestamp":"2026-02-03T14:25:28.757Z","url":"/backend/agency-dashboard/agency-8475"},"timestamp":"2026-02-03T14:25:28.758Z"}
{"level":"info","message":{"body":{},"method":"GET","timestamp":"2026-02-03T14:25:28.764Z","url":"/backend/agency-dashboard/agency-8475"},"timestamp":"2026-02-03T14:25:28.764Z"}
{"level":"info","message":{"body":{},"method":"GET","timestamp":"2026-02-03T14:25:39.654Z","url":"/backend/agency-dashboard/agency-8475"},"timestamp":"2026-02-03T14:25:39.654Z"}
{"level":"info","message":{"body":{},"method":"GET","timestamp":"2026-02-03T14:25:39.660Z","url":"/backend/agency-dashboard/agency-8475"},"timestamp":"2026-02-03T14:25:39.661Z"}
